2011-02-04 10:06:31 Debug: Notice (8): Use of undefined constant i - assumed 'i' in [D:\xampp\htdocs\tecno_center\app\views\elements\second_navigation.ctp, line 9]
2011-02-04 10:06:31 Debug: Notice (8): Undefined variable: category in [D:\xampp\htdocs\tecno_center\app\views\elements\second_navigation.ctp, line 9]
2011-02-04 10:06:42 Debug: Notice (8): Undefined variable: category in [D:\xampp\htdocs\tecno_center\app\views\elements\second_navigation.ctp, line 9]
2011-02-04 10:07:13 Debug: Notice (8): Undefined variable: category in [D:\xampp\htdocs\tecno_center\app\views\elements\second_navigation.ctp, line 9]
2011-02-04 10:07:38 Debug: Notice (8): Undefined variable: category in [D:\xampp\htdocs\tecno_center\app\views\elements\second_navigation.ctp, line 1]
2011-02-04 10:07:38 Debug: Notice (8): Undefined variable: category in [D:\xampp\htdocs\tecno_center\app\views\elements\second_navigation.ctp, line 10]
2011-02-04 10:08:23 Debug: Notice (8): Undefined index: name in [D:\xampp\htdocs\tecno_center\app\views\elements\second_navigation.ctp, line 10]
2011-02-04 10:08:23 Debug: Notice (8): Undefined index: Category in [D:\xampp\htdocs\tecno_center\app\views\elements\second_navigation.ctp, line 10]
2011-02-04 10:08:56 Debug: Notice (8): Undefined index: Category in [D:\xampp\htdocs\tecno_center\app\views\elements\second_navigation.ctp, line 10]
2011-02-04 10:09:26 Debug: Notice (8): Undefined index: Category in [D:\xampp\htdocs\tecno_center\app\views\elements\second_navigation.ctp, line 10]
2011-02-04 14:10:03 Debug: Notice (8): Undefined variable: category in [D:\xampp\htdocs\tecno_center\app\views\layouts\home.ctp, line 107]
2011-02-04 14:10:03 Debug: Notice (8): Undefined variable: menuCategories in [D:\xampp\htdocs\tecno_center\app\views\elements\second_navigation.ctp, line 10]
2011-02-04 14:10:51 Debug: Notice (8): Undefined variable: menuCategory in [D:\xampp\htdocs\tecno_center\app\views\layouts\home.ctp, line 107]
2011-02-04 14:10:52 Debug: Notice (8): Undefined variable: menuCategory in [D:\xampp\htdocs\tecno_center\app\views\layouts\home.ctp, line 107]
2011-02-04 14:10:53 Debug: Notice (8): Undefined variable: menuCategory in [D:\xampp\htdocs\tecno_center\app\views\layouts\home.ctp, line 107]
2011-02-04 14:10:53 Debug: Notice (8): Undefined variable: menuCategory in [D:\xampp\htdocs\tecno_center\app\views\layouts\home.ctp, line 107]
2011-02-04 14:10:54 Debug: Notice (8): Undefined variable: menuCategory in [D:\xampp\htdocs\tecno_center\app\views\layouts\home.ctp, line 107]
2011-02-04 14:10:54 Debug: Notice (8): Undefined variable: menuCategory in [D:\xampp\htdocs\tecno_center\app\views\layouts\home.ctp, line 107]
2011-02-06 17:52:05 Debug: Notice (1024): Please change the value of 'Security.salt' in app/config/core.php to a salt value specific to your application in [E:\xampp\htdocs\tecnocenter\cake\libs\debugger.php, line 684]
2011-02-06 17:52:05 Debug: Notice (1024): Please change the value of 'Security.cipherSeed' in app/config/core.php to a numeric (digits only) seed value specific to your application in [E:\xampp\htdocs\tecnocenter\cake\libs\debugger.php, line 688]
2011-02-06 17:52:05 Debug: Notice (1024): Please change the value of 'Security.salt' in app/config/core.php to a salt value specific to your application in [E:\xampp\htdocs\tecnocenter\cake\libs\debugger.php, line 684]
2011-02-06 17:52:05 Debug: Notice (1024): Please change the value of 'Security.cipherSeed' in app/config/core.php to a numeric (digits only) seed value specific to your application in [E:\xampp\htdocs\tecnocenter\cake\libs\debugger.php, line 688]
2011-02-06 17:52:05 Debug: Notice (1024): Please change the value of 'Security.salt' in app/config/core.php to a salt value specific to your application in [E:\xampp\htdocs\tecnocenter\cake\libs\debugger.php, line 684]
2011-02-06 17:52:05 Debug: Notice (1024): Please change the value of 'Security.salt' in app/config/core.php to a salt value specific to your application in [E:\xampp\htdocs\tecnocenter\cake\libs\debugger.php, line 684]
2011-02-06 17:52:05 Debug: Notice (1024): Please change the value of 'Security.cipherSeed' in app/config/core.php to a numeric (digits only) seed value specific to your application in [E:\xampp\htdocs\tecnocenter\cake\libs\debugger.php, line 688]
2011-02-06 17:52:05 Debug: Notice (1024): Please change the value of 'Security.cipherSeed' in app/config/core.php to a numeric (digits only) seed value specific to your application in [E:\xampp\htdocs\tecnocenter\cake\libs\debugger.php, line 688]
2011-02-06 17:52:10 Debug: Notice (1024): Please change the value of 'Security.salt' in app/config/core.php to a salt value specific to your application in [E:\xampp\htdocs\tecnocenter\cake\libs\debugger.php, line 684]
2011-02-06 17:52:10 Debug: Notice (1024): Please change the value of 'Security.cipherSeed' in app/config/core.php to a numeric (digits only) seed value specific to your application in [E:\xampp\htdocs\tecnocenter\cake\libs\debugger.php, line 688]
2011-02-06 17:52:10 Debug: Notice (1024): Please change the value of 'Security.salt' in app/config/core.php to a salt value specific to your application in [E:\xampp\htdocs\tecnocenter\cake\libs\debugger.php, line 684]
2011-02-06 17:52:10 Debug: Notice (1024): Please change the value of 'Security.cipherSeed' in app/config/core.php to a numeric (digits only) seed value specific to your application in [E:\xampp\htdocs\tecnocenter\cake\libs\debugger.php, line 688]
2011-02-06 17:52:10 Debug: Notice (1024): Please change the value of 'Security.salt' in app/config/core.php to a salt value specific to your application in [E:\xampp\htdocs\tecnocenter\cake\libs\debugger.php, line 684]
2011-02-06 17:52:10 Debug: Notice (1024): Please change the value of 'Security.salt' in app/config/core.php to a salt value specific to your application in [E:\xampp\htdocs\tecnocenter\cake\libs\debugger.php, line 684]
2011-02-06 17:52:10 Debug: Notice (1024): Please change the value of 'Security.cipherSeed' in app/config/core.php to a numeric (digits only) seed value specific to your application in [E:\xampp\htdocs\tecnocenter\cake\libs\debugger.php, line 688]
2011-02-06 17:52:10 Debug: Notice (1024): Please change the value of 'Security.cipherSeed' in app/config/core.php to a numeric (digits only) seed value specific to your application in [E:\xampp\htdocs\tecnocenter\cake\libs\debugger.php, line 688]
2011-02-06 18:20:44 Debug: Notice (1024): Please change the value of 'Security.salt' in app/config/core.php to a salt value specific to your application in [E:\xampp\htdocs\tecnocenter\cake\libs\debugger.php, line 684]
2011-02-06 18:20:44 Debug: Notice (1024): Please change the value of 'Security.cipherSeed' in app/config/core.php to a numeric (digits only) seed value specific to your application in [E:\xampp\htdocs\tecnocenter\cake\libs\debugger.php, line 688]
2011-02-06 18:20:44 Debug: Notice (1024): Please change the value of 'Security.salt' in app/config/core.php to a salt value specific to your application in [E:\xampp\htdocs\tecnocenter\cake\libs\debugger.php, line 684]
2011-02-06 18:20:44 Debug: Notice (1024): Please change the value of 'Security.cipherSeed' in app/config/core.php to a numeric (digits only) seed value specific to your application in [E:\xampp\htdocs\tecnocenter\cake\libs\debugger.php, line 688]
2011-02-06 18:20:44 Debug: Notice (1024): Please change the value of 'Security.salt' in app/config/core.php to a salt value specific to your application in [E:\xampp\htdocs\tecnocenter\cake\libs\debugger.php, line 684]
2011-02-06 18:20:44 Debug: Notice (1024): Please change the value of 'Security.cipherSeed' in app/config/core.php to a numeric (digits only) seed value specific to your application in [E:\xampp\htdocs\tecnocenter\cake\libs\debugger.php, line 688]
2011-02-06 18:22:36 Debug: Notice (1024): Please change the value of 'Security.salt' in app/config/core.php to a salt value specific to your application in [E:\xampp\htdocs\tecnocenter\cake\libs\debugger.php, line 684]
2011-02-06 18:22:36 Debug: Notice (1024): Please change the value of 'Security.cipherSeed' in app/config/core.php to a numeric (digits only) seed value specific to your application in [E:\xampp\htdocs\tecnocenter\cake\libs\debugger.php, line 688]
2011-02-06 18:22:36 Debug: Notice (1024): Please change the value of 'Security.salt' in app/config/core.php to a salt value specific to your application in [E:\xampp\htdocs\tecnocenter\cake\libs\debugger.php, line 684]
2011-02-06 18:22:36 Debug: Notice (1024): Please change the value of 'Security.cipherSeed' in app/config/core.php to a numeric (digits only) seed value specific to your application in [E:\xampp\htdocs\tecnocenter\cake\libs\debugger.php, line 688]
2011-02-06 18:22:36 Debug: Notice (1024): Please change the value of 'Security.salt' in app/config/core.php to a salt value specific to your application in [E:\xampp\htdocs\tecnocenter\cake\libs\debugger.php, line 684]
2011-02-06 18:22:36 Debug: Notice (1024): Please change the value of 'Security.cipherSeed' in app/config/core.php to a numeric (digits only) seed value specific to your application in [E:\xampp\htdocs\tecnocenter\cake\libs\debugger.php, line 688]
<<<<<<< HEAD
2011-02-06 18:46:53 Debug: Notice (1024): Please change the value of 'Security.salt' in app/config/core.php to a salt value specific to your application in [E:\xampp\htdocs\tecnocenter\cake\libs\debugger.php, line 684]
2011-02-06 18:46:53 Debug: Notice (1024): Please change the value of 'Security.cipherSeed' in app/config/core.php to a numeric (digits only) seed value specific to your application in [E:\xampp\htdocs\tecnocenter\cake\libs\debugger.php, line 688]
2011-02-06 18:46:53 Debug: Notice (1024): Please change the value of 'Security.salt' in app/config/core.php to a salt value specific to your application in [E:\xampp\htdocs\tecnocenter\cake\libs\debugger.php, line 684]
2011-02-06 18:46:53 Debug: Notice (1024): Please change the value of 'Security.cipherSeed' in app/config/core.php to a numeric (digits only) seed value specific to your application in [E:\xampp\htdocs\tecnocenter\cake\libs\debugger.php, line 688]
2011-02-06 18:46:53 Debug: Notice (1024): Please change the value of 'Security.salt' in app/config/core.php to a salt value specific to your application in [E:\xampp\htdocs\tecnocenter\cake\libs\debugger.php, line 684]
2011-02-06 18:46:53 Debug: Notice (1024): Please change the value of 'Security.cipherSeed' in app/config/core.php to a numeric (digits only) seed value specific to your application in [E:\xampp\htdocs\tecnocenter\cake\libs\debugger.php, line 688]
2011-02-06 18:47:18 Debug: Notice (1024): Please change the value of 'Security.salt' in app/config/core.php to a salt value specific to your application in [E:\xampp\htdocs\tecnocenter\cake\libs\debugger.php, line 684]
2011-02-06 18:47:18 Debug: Notice (1024): Please change the value of 'Security.cipherSeed' in app/config/core.php to a numeric (digits only) seed value specific to your application in [E:\xampp\htdocs\tecnocenter\cake\libs\debugger.php, line 688]
2011-02-06 18:47:18 Debug: Notice (1024): Please change the value of 'Security.salt' in app/config/core.php to a salt value specific to your application in [E:\xampp\htdocs\tecnocenter\cake\libs\debugger.php, line 684]
2011-02-06 18:47:18 Debug: Notice (1024): Please change the value of 'Security.cipherSeed' in app/config/core.php to a numeric (digits only) seed value specific to your application in [E:\xampp\htdocs\tecnocenter\cake\libs\debugger.php, line 688]
2011-02-06 18:47:18 Debug: Notice (1024): Please change the value of 'Security.salt' in app/config/core.php to a salt value specific to your application in [E:\xampp\htdocs\tecnocenter\cake\libs\debugger.php, line 684]
2011-02-06 18:47:18 Debug: Notice (1024): Please change the value of 'Security.cipherSeed' in app/config/core.php to a numeric (digits only) seed value specific to your application in [E:\xampp\htdocs\tecnocenter\cake\libs\debugger.php, line 688]
2011-02-06 18:48:33 Debug: Notice (1024): Please change the value of 'Security.salt' in app/config/core.php to a salt value specific to your application in [E:\xampp\htdocs\tecnocenter\cake\libs\debugger.php, line 684]
2011-02-06 18:48:33 Debug: Notice (1024): Please change the value of 'Security.cipherSeed' in app/config/core.php to a numeric (digits only) seed value specific to your application in [E:\xampp\htdocs\tecnocenter\cake\libs\debugger.php, line 688]
2011-02-06 18:48:33 Debug: Notice (1024): Please change the value of 'Security.salt' in app/config/core.php to a salt value specific to your application in [E:\xampp\htdocs\tecnocenter\cake\libs\debugger.php, line 684]
2011-02-06 18:48:33 Debug: Notice (1024): Please change the value of 'Security.cipherSeed' in app/config/core.php to a numeric (digits only) seed value specific to your application in [E:\xampp\htdocs\tecnocenter\cake\libs\debugger.php, line 688]
2011-02-06 18:48:33 Debug: Notice (1024): Please change the value of 'Security.salt' in app/config/core.php to a salt value specific to your application in [E:\xampp\htdocs\tecnocenter\cake\libs\debugger.php, line 684]
2011-02-06 18:48:33 Debug: Notice (1024): Please change the value of 'Security.cipherSeed' in app/config/core.php to a numeric (digits only) seed value specific to your application in [E:\xampp\htdocs\tecnocenter\cake\libs\debugger.php, line 688]
2011-02-06 18:48:34 Debug: Notice (1024): Please change the value of 'Security.salt' in app/config/core.php to a salt value specific to your application in [E:\xampp\htdocs\tecnocenter\cake\libs\debugger.php, line 684]
2011-02-06 18:48:34 Debug: Notice (1024): Please change the value of 'Security.cipherSeed' in app/config/core.php to a numeric (digits only) seed value specific to your application in [E:\xampp\htdocs\tecnocenter\cake\libs\debugger.php, line 688]
2011-02-06 18:50:43 Debug: Notice (1024): Please change the value of 'Security.salt' in app/config/core.php to a salt value specific to your application in [E:\xampp\htdocs\tecnocenter\cake\libs\debugger.php, line 684]
2011-02-06 18:50:43 Debug: Notice (1024): Please change the value of 'Security.cipherSeed' in app/config/core.php to a numeric (digits only) seed value specific to your application in [E:\xampp\htdocs\tecnocenter\cake\libs\debugger.php, line 688]
2011-02-06 18:50:44 Debug: Notice (1024): Please change the value of 'Security.salt' in app/config/core.php to a salt value specific to your application in [E:\xampp\htdocs\tecnocenter\cake\libs\debugger.php, line 684]
2011-02-06 18:50:44 Debug: Notice (1024): Please change the value of 'Security.cipherSeed' in app/config/core.php to a numeric (digits only) seed value specific to your application in [E:\xampp\htdocs\tecnocenter\cake\libs\debugger.php, line 688]
2011-02-06 18:50:44 Debug: Notice (1024): Please change the value of 'Security.salt' in app/config/core.php to a salt value specific to your application in [E:\xampp\htdocs\tecnocenter\cake\libs\debugger.php, line 684]
2011-02-06 18:50:44 Debug: Notice (1024): Please change the value of 'Security.cipherSeed' in app/config/core.php to a numeric (digits only) seed value specific to your application in [E:\xampp\htdocs\tecnocenter\cake\libs\debugger.php, line 688]
2011-02-06 18:50:44 Debug: Notice (1024): Please change the value of 'Security.salt' in app/config/core.php to a salt value specific to your application in [E:\xampp\htdocs\tecnocenter\cake\libs\debugger.php, line 684]
2011-02-06 18:50:44 Debug: Notice (1024): Please change the value of 'Security.cipherSeed' in app/config/core.php to a numeric (digits only) seed value specific to your application in [E:\xampp\htdocs\tecnocenter\cake\libs\debugger.php, line 688]
2011-02-06 18:50:53 Debug: Notice (1024): Please change the value of 'Security.salt' in app/config/core.php to a salt value specific to your application in [E:\xampp\htdocs\tecnocenter\cake\libs\debugger.php, line 684]
2011-02-06 18:50:53 Debug: Notice (1024): Please change the value of 'Security.cipherSeed' in app/config/core.php to a numeric (digits only) seed value specific to your application in [E:\xampp\htdocs\tecnocenter\cake\libs\debugger.php, line 688]
2011-02-06 18:50:53 Debug: Notice (1024): Please change the value of 'Security.salt' in app/config/core.php to a salt value specific to your application in [E:\xampp\htdocs\tecnocenter\cake\libs\debugger.php, line 684]
2011-02-06 18:50:53 Debug: Notice (1024): Please change the value of 'Security.cipherSeed' in app/config/core.php to a numeric (digits only) seed value specific to your application in [E:\xampp\htdocs\tecnocenter\cake\libs\debugger.php, line 688]
2011-02-06 18:50:54 Debug: Notice (1024): Please change the value of 'Security.salt' in app/config/core.php to a salt value specific to your application in [E:\xampp\htdocs\tecnocenter\cake\libs\debugger.php, line 684]
2011-02-06 18:50:54 Debug: Notice (1024): Please change the value of 'Security.cipherSeed' in app/config/core.php to a numeric (digits only) seed value specific to your application in [E:\xampp\htdocs\tecnocenter\cake\libs\debugger.php, line 688]
=======
2011-02-06 12:40:30 Debug: Notice (1024): Please change the value of 'Security.salt' in app/config/core.php to a salt value specific to your application in [C:\Users\Usuario\xampp\htdocs\tecnocenter\cake\libs\debugger.php, line 684]
2011-02-06 12:40:30 Debug: Notice (1024): Please change the value of 'Security.cipherSeed' in app/config/core.php to a numeric (digits only) seed value specific to your application in [C:\Users\Usuario\xampp\htdocs\tecnocenter\cake\libs\debugger.php, line 688]
2011-02-06 12:40:33 Debug: Notice (1024): Please change the value of 'Security.salt' in app/config/core.php to a salt value specific to your application in [C:\Users\Usuario\xampp\htdocs\tecnocenter\cake\libs\debugger.php, line 684]
2011-02-06 12:40:33 Debug: Notice (1024): Please change the value of 'Security.cipherSeed' in app/config/core.php to a numeric (digits only) seed value specific to your application in [C:\Users\Usuario\xampp\htdocs\tecnocenter\cake\libs\debugger.php, line 688]
2011-02-06 12:40:42 Debug: Notice (1024): Please change the value of 'Security.salt' in app/config/core.php to a salt value specific to your application in [C:\Users\Usuario\xampp\htdocs\tecnocenter\cake\libs\debugger.php, line 684]
2011-02-06 12:40:42 Debug: Notice (1024): Please change the value of 'Security.cipherSeed' in app/config/core.php to a numeric (digits only) seed value specific to your application in [C:\Users\Usuario\xampp\htdocs\tecnocenter\cake\libs\debugger.php, line 688]
2011-02-06 12:41:06 Debug: Notice (1024): Please change the value of 'Security.salt' in app/config/core.php to a salt value specific to your application in [C:\Users\Usuario\xampp\htdocs\tecnocenter\cake\libs\debugger.php, line 684]
2011-02-06 12:41:06 Debug: Notice (1024): Please change the value of 'Security.cipherSeed' in app/config/core.php to a numeric (digits only) seed value specific to your application in [C:\Users\Usuario\xampp\htdocs\tecnocenter\cake\libs\debugger.php, line 688]
2011-02-06 12:41:45 Debug: Notice (1024): Please change the value of 'Security.salt' in app/config/core.php to a salt value specific to your application in [C:\Users\Usuario\xampp\htdocs\tecnocenter\cake\libs\debugger.php, line 684]
2011-02-06 12:41:45 Debug: Notice (1024): Please change the value of 'Security.cipherSeed' in app/config/core.php to a numeric (digits only) seed value specific to your application in [C:\Users\Usuario\xampp\htdocs\tecnocenter\cake\libs\debugger.php, line 688]
>>>>>>> d6a400f90452bcc620d3cce2864c96b8faae44ee
