2011-02-04 14:10:03 Warning: Warning (2): Invalid argument supplied for foreach() in [D:\xampp\htdocs\tecno_center\app\views\elements\second_navigation.ctp, line 10]
2011-02-04 14:10:51 Warning: Warning (2): Invalid argument supplied for foreach() in [D:\xampp\htdocs\tecno_center\app\views\elements\second_navigation.ctp, line 10]
2011-02-04 14:10:52 Warning: Warning (2): Invalid argument supplied for foreach() in [D:\xampp\htdocs\tecno_center\app\views\elements\second_navigation.ctp, line 10]
2011-02-04 14:10:53 Warning: Warning (2): Invalid argument supplied for foreach() in [D:\xampp\htdocs\tecno_center\app\views\elements\second_navigation.ctp, line 10]
2011-02-04 14:10:53 Warning: Warning (2): Invalid argument supplied for foreach() in [D:\xampp\htdocs\tecno_center\app\views\elements\second_navigation.ctp, line 10]
2011-02-04 14:10:54 Warning: Warning (2): Invalid argument supplied for foreach() in [D:\xampp\htdocs\tecno_center\app\views\elements\second_navigation.ctp, line 10]
2011-02-04 14:10:54 Warning: Warning (2): Invalid argument supplied for foreach() in [D:\xampp\htdocs\tecno_center\app\views\elements\second_navigation.ctp, line 10]
2011-02-05 12:35:20 Warning: Warning (512): <span style="color:Red;text-align:left"><b>SQL Error:</b> 29: File 'C:\Users\Usuario\xampp\tmp\#sqld88_98_1.MYD' not found (Errcode: 13)</span> in [C:\Users\Usuario\xampp\htdocs\tecnocenter\cake\libs\model\datasources\dbo_source.php, line 684]
2011-02-05 12:35:20 Warning: Warning (2): Invalid argument supplied for foreach() in [C:\Users\Usuario\xampp\htdocs\tecnocenter\cake\libs\model\datasources\dbo\dbo_mysql.php, line 127]
2011-02-06 12:40:30 Warning: Warning (2): Cannot modify header information - headers already sent by (output started at C:\Users\Usuario\xampp\htdocs\tecnocenter\cake\libs\debugger.php:673) in [C:\Users\Usuario\xampp\htdocs\tecnocenter\cake\libs\controller\controller.php, line 746]
2011-02-06 12:40:33 Warning: Warning (2): Cannot modify header information - headers already sent by (output started at C:\Users\Usuario\xampp\htdocs\tecnocenter\cake\libs\debugger.php:673) in [C:\Users\Usuario\xampp\htdocs\tecnocenter\cake\libs\controller\controller.php, line 746]
2011-02-06 12:40:42 Warning: Warning (2): Cannot modify header information - headers already sent by (output started at C:\Users\Usuario\xampp\htdocs\tecnocenter\cake\libs\debugger.php:673) in [C:\Users\Usuario\xampp\htdocs\tecnocenter\cake\libs\controller\controller.php, line 746]
2011-02-06 12:41:06 Warning: Warning (2): Cannot modify header information - headers already sent by (output started at C:\Users\Usuario\xampp\htdocs\tecnocenter\cake\libs\debugger.php:673) in [C:\Users\Usuario\xampp\htdocs\tecnocenter\cake\libs\controller\controller.php, line 746]
2011-02-06 12:41:45 Warning: Warning (2): Cannot modify header information - headers already sent by (output started at C:\Users\Usuario\xampp\htdocs\tecnocenter\cake\libs\debugger.php:673) in [C:\Users\Usuario\xampp\htdocs\tecnocenter\cake\libs\controller\controller.php, line 746]
2011-02-06 13:27:05 Warning: Warning (512): <span style="color:Red;text-align:left"><b>SQL Error:</b> 29: File 'C:\Users\Usuario\xampp\tmp\#sql15c0_64_9.MYD' not found (Errcode: 13)</span> in [C:\Users\Usuario\xampp\htdocs\tecnocenter\cake\libs\model\datasources\dbo_source.php, line 684]
2011-02-06 13:27:05 Warning: Warning (2): Invalid argument supplied for foreach() in [C:\Users\Usuario\xampp\htdocs\tecnocenter\cake\libs\model\datasources\dbo\dbo_mysql.php, line 127]
<<<<<<< HEAD
2011-02-06 20:05:15 Warning: Warning (2): Invalid argument supplied for foreach() in [E:\xampp\htdocs\tecnocenter\app\views\users\user_reports.ctp, line 3]
2011-02-06 20:05:19 Warning: Warning (2): Invalid argument supplied for foreach() in [E:\xampp\htdocs\tecnocenter\app\views\users\user_reports.ctp, line 3]
2011-02-06 20:06:25 Warning: Warning (2): Invalid argument supplied for foreach() in [E:\xampp\htdocs\tecnocenter\app\views\users\user_reports.ctp, line 3]
2011-02-06 20:07:45 Warning: Warning (2): Invalid argument supplied for foreach() in [E:\xampp\htdocs\tecnocenter\app\views\users\user_reports.ctp, line 3]
2011-02-06 20:08:55 Warning: Warning (2): Invalid argument supplied for foreach() in [E:\xampp\htdocs\tecnocenter\app\views\users\user_reports.ctp, line 3]
2011-02-06 21:30:30 Warning: Warning (512): Method FormHelper::selet does not exist in [E:\xampp\htdocs\tecnocenter\cake\libs\view\helper.php, line 154]
2011-02-06 22:22:47 Warning: Warning (2): Invalid argument supplied for foreach() in [E:\xampp\htdocs\tecnocenter\app\controllers\users_controller.php, line 215]
2011-02-06 22:23:21 Warning: Warning (2): Invalid argument supplied for foreach() in [E:\xampp\htdocs\tecnocenter\app\controllers\users_controller.php, line 215]
2011-02-06 22:23:58 Warning: Warning (2): Invalid argument supplied for foreach() in [E:\xampp\htdocs\tecnocenter\app\views\users\user_reports.ctp, line 2]
2011-02-06 22:24:08 Warning: Warning (2): Invalid argument supplied for foreach() in [E:\xampp\htdocs\tecnocenter\app\views\users\user_reports.ctp, line 2]
2011-02-06 22:24:27 Warning: Warning (2): Invalid argument supplied for foreach() in [E:\xampp\htdocs\tecnocenter\app\views\users\user_reports.ctp, line 3]
2011-02-06 22:29:25 Warning: Warning (2): Invalid argument supplied for foreach() in [E:\xampp\htdocs\tecnocenter\app\views\users\user_reports.ctp, line 5]
2011-02-06 22:29:50 Warning: Warning (2): Invalid argument supplied for foreach() in [E:\xampp\htdocs\tecnocenter\app\views\users\user_reports.ctp, line 4]
=======
2011-02-06 14:06:26 Warning: Warning (512): <span style="color:Red;text-align:left"><b>SQL Error:</b> 29: File 'C:\Users\Usuario\xampp\tmp\#sql15c0_90_7.MYD' not found (Errcode: 13)</span> in [C:\Users\Usuario\xampp\htdocs\tecnocenter\cake\libs\model\datasources\dbo_source.php, line 684]
2011-02-06 14:06:26 Warning: Warning (2): Invalid argument supplied for foreach() in [C:\Users\Usuario\xampp\htdocs\tecnocenter\cake\libs\model\datasources\dbo\dbo_mysql.php, line 127]
2011-02-06 14:13:16 Warning: Warning (512): <span style="color:Red;text-align:left"><b>SQL Error:</b> 29: File 'C:\Users\Usuario\xampp\tmp\#sql15c0_9e_9.MYD' not found (Errcode: 13)</span> in [C:\Users\Usuario\xampp\htdocs\tecnocenter\cake\libs\model\datasources\dbo_source.php, line 684]
2011-02-06 14:13:16 Warning: Warning (2): Invalid argument supplied for foreach() in [C:\Users\Usuario\xampp\htdocs\tecnocenter\cake\libs\model\datasources\dbo\dbo_mysql.php, line 127]
2011-02-06 14:13:41 Warning: Warning (512): <span style="color:Red;text-align:left"><b>SQL Error:</b> 29: File 'C:\Users\Usuario\xampp\tmp\#sql15c0_a0_a.MYD' not found (Errcode: 13)</span> in [C:\Users\Usuario\xampp\htdocs\tecnocenter\cake\libs\model\datasources\dbo_source.php, line 684]
2011-02-06 14:13:41 Warning: Warning (2): Invalid argument supplied for foreach() in [C:\Users\Usuario\xampp\htdocs\tecnocenter\cake\libs\model\datasources\dbo\dbo_mysql.php, line 127]
>>>>>>> 6901cd7996fa194d28d4b8712ecf32616f803bd6
2011-02-07 01:10:18 Warning: Warning (2): Invalid argument supplied for foreach() in [E:\xampp\htdocs\tecnocenter\app\controllers\users_controller.php, line 215]
2011-02-07 00:04:10 Warning: Warning (2): fopen(C:\Users\Usuario\xampp\htdocs\tecnocenter\app\tmp\cache\persistent\cake_core_default_es-es) [<a href='http://php.net/function.fopen'>function.fopen</a>]: failed to open stream: Permission denied in [C:\Users\Usuario\xampp\htdocs\tecnocenter\cake\libs\file.php, line 154]
2011-02-07 00:24:28 Warning: Warning (2): fopen(C:\Users\Usuario\xampp\htdocs\tecnocenter\app\tmp\cache\models\cake_model_default_products) [<a href='http://php.net/function.fopen'>function.fopen</a>]: failed to open stream: Permission denied in [C:\Users\Usuario\xampp\htdocs\tecnocenter\cake\libs\file.php, line 154]
2011-02-07 00:24:28 Warning: Warning (2): fopen(C:\Users\Usuario\xampp\htdocs\tecnocenter\app\tmp\cache\models\cake_model_default_products) [<a href='http://php.net/function.fopen'>function.fopen</a>]: failed to open stream: Permission denied in [C:\Users\Usuario\xampp\htdocs\tecnocenter\cake\libs\file.php, line 154]
2011-02-07 00:24:28 Warning: Warning (2): fopen(C:\Users\Usuario\xampp\htdocs\tecnocenter\app\tmp\cache\models\cake_model_default_products) [<a href='http://php.net/function.fopen'>function.fopen</a>]: failed to open stream: Permission denied in [C:\Users\Usuario\xampp\htdocs\tecnocenter\cake\libs\file.php, line 154]
2011-02-07 00:24:28 Warning: Warning (2): fopen(C:\Users\Usuario\xampp\htdocs\tecnocenter\app\tmp\cache\models\cake_model_default_inventories) [<a href='http://php.net/function.fopen'>function.fopen</a>]: failed to open stream: Permission denied in [C:\Users\Usuario\xampp\htdocs\tecnocenter\cake\libs\file.php, line 154]
2011-02-07 00:24:29 Warning: Warning (2): fopen(C:\Users\Usuario\xampp\htdocs\tecnocenter\app\tmp\cache\persistent\cake_core_default_es-es) [<a href='http://php.net/function.fopen'>function.fopen</a>]: failed to open stream: Permission denied in [C:\Users\Usuario\xampp\htdocs\tecnocenter\cake\libs\file.php, line 154]
2011-02-07 00:24:29 Warning: Warning (2): fopen(C:\Users\Usuario\xampp\htdocs\tecnocenter\app\tmp\cache\persistent\cake_core_default_es-es) [<a href='http://php.net/function.fopen'>function.fopen</a>]: failed to open stream: Permission denied in [C:\Users\Usuario\xampp\htdocs\tecnocenter\cake\libs\file.php, line 154]
2011-02-07 00:24:29 Warning: Warning (2): fopen(C:\Users\Usuario\xampp\htdocs\tecnocenter\app\tmp\cache\persistent\cake_core_default_es-es) [<a href='http://php.net/function.fopen'>function.fopen</a>]: failed to open stream: Permission denied in [C:\Users\Usuario\xampp\htdocs\tecnocenter\cake\libs\file.php, line 154]
2011-02-07 00:24:29 Warning: Warning (2): fopen(C:\Users\Usuario\xampp\htdocs\tecnocenter\app\tmp\cache\persistent\cake_core_default_es-es) [<a href='http://php.net/function.fopen'>function.fopen</a>]: failed to open stream: Permission denied in [C:\Users\Usuario\xampp\htdocs\tecnocenter\cake\libs\file.php, line 154]
2011-02-07 00:24:30 Warning: Warning (2): fopen(C:\Users\Usuario\xampp\htdocs\tecnocenter\app\tmp\cache\persistent\cake_core_default_es-es) [<a href='http://php.net/function.fopen'>function.fopen</a>]: failed to open stream: Permission denied in [C:\Users\Usuario\xampp\htdocs\tecnocenter\cake\libs\file.php, line 154]
2011-02-07 00:37:11 Warning: Warning (512): <span style="color:Red;text-align:left"><b>SQL Error:</b> 1036: Table 'C:\Users\Usuario\xampp\tmp\#sql3ec_da_8' is read only</span> in [C:\Users\Usuario\xampp\htdocs\tecnocenter\cake\libs\model\datasources\dbo_source.php, line 684]
2011-02-07 00:37:11 Warning: Warning (2): Invalid argument supplied for foreach() in [C:\Users\Usuario\xampp\htdocs\tecnocenter\cake\libs\model\datasources\dbo\dbo_mysql.php, line 127]
2011-02-07 00:53:13 Warning: Warning (2): fopen(C:\Users\Usuario\xampp\htdocs\tecnocenter\app\tmp\cache\models\cake_model_default_aros) [<a href='http://php.net/function.fopen'>function.fopen</a>]: failed to open stream: Permission denied in [C:\Users\Usuario\xampp\htdocs\tecnocenter\cake\libs\file.php, line 154]
2011-02-07 00:53:13 Warning: Warning (2): Cannot modify header information - headers already sent by (output started at C:\Users\Usuario\xampp\htdocs\tecnocenter\cake\libs\debugger.php:673) in [C:\Users\Usuario\xampp\htdocs\tecnocenter\cake\libs\controller\controller.php, line 746]
2011-02-07 13:15:52 Warning: Warning (2): fopen(C:\Users\Usuario\xampp\htdocs\tecnocenter\app\tmp\cache\persistent\cake_core_default_es-es) [<a href='http://php.net/function.fopen'>function.fopen</a>]: failed to open stream: Permission denied in [C:\Users\Usuario\xampp\htdocs\tecnocenter\cake\libs\file.php, line 154]
2011-02-07 13:17:03 Warning: Warning (512): <span style="color:Red;text-align:left"><b>SQL Error:</b> 1048: Column 'nit_proveedor' cannot be null</span> in [C:\Users\Usuario\xampp\htdocs\tecnocenter\cake\libs\model\datasources\dbo_source.php, line 684]
2011-02-07 13:35:13 Warning: Warning (512): <span style="color:Red;text-align:left"><b>SQL Error:</b> 1452: Cannot add or update a child row: a foreign key constraint fails (`tecnocenter`.`products`, CONSTRAINT `pertenece a un fabricante` FOREIGN KEY (`manufacturer_id`) REFERENCES `manufacturers` (`id`) ON DELETE NO ACTION ON UPDATE NO ACTION)</span> in [C:\Users\Usuario\xampp\htdocs\tecnocenter\cake\libs\model\datasources\dbo_source.php, line 684]
2011-02-07 13:38:53 Warning: Warning (512): <span style="color:Red;text-align:left"><b>SQL Error:</b> 1036: Table 'C:\Users\Usuario\xampp\tmp\#sqla28_3f_1' is read only</span> in [C:\Users\Usuario\xampp\htdocs\tecnocenter\cake\libs\model\datasources\dbo_source.php, line 684]
2011-02-07 13:38:53 Warning: Warning (2): Invalid argument supplied for foreach() in [C:\Users\Usuario\xampp\htdocs\tecnocenter\cake\libs\model\datasources\dbo\dbo_mysql.php, line 127]
2011-02-07 22:34:56 Warning: Warning (2): move_uploaded_file(/img/fotos/nnnnnnn1.jpg) [<a href='http://php.net/function.move-uploaded-file'>function.move-uploaded-file</a>]: failed to open stream: No such file or directory in [E:\xampp\htdocs\tecnocenter\app\controllers\users_controller.php, line 273]
2011-02-07 22:34:56 Warning: Warning (2): move_uploaded_file() [<a href='http://php.net/function.move-uploaded-file'>function.move-uploaded-file</a>]: Unable to move 'E:\xampp\tmp\php748.tmp' to '/img/fotos/nnnnnnn1.jpg' in [E:\xampp\htdocs\tecnocenter\app\controllers\users_controller.php, line 273]
2011-02-07 22:35:44 Warning: Warning (2): move_uploaded_file(/img/fotos/nnnnnnn1.jpg) [<a href='http://php.net/function.move-uploaded-file'>function.move-uploaded-file</a>]: failed to open stream: No such file or directory in [E:\xampp\htdocs\tecnocenter\app\controllers\users_controller.php, line 273]
2011-02-07 22:35:44 Warning: Warning (2): move_uploaded_file() [<a href='http://php.net/function.move-uploaded-file'>function.move-uploaded-file</a>]: Unable to move 'E:\xampp\tmp\phpC0F6.tmp' to '/img/fotos/nnnnnnn1.jpg' in [E:\xampp\htdocs\tecnocenter\app\controllers\users_controller.php, line 273]
2011-02-07 22:38:01 Warning: Warning (2): move_uploaded_file(E:\xampp\htdocs\tecnocenter\app\webroot\fotos/nnnnnnn1.jpg) [<a href='http://php.net/function.move-uploaded-file'>function.move-uploaded-file</a>]: failed to open stream: No such file or directory in [E:\xampp\htdocs\tecnocenter\app\controllers\users_controller.php, line 273]
2011-02-07 22:38:01 Warning: Warning (2): move_uploaded_file() [<a href='http://php.net/function.move-uploaded-file'>function.move-uploaded-file</a>]: Unable to move 'E:\xampp\tmp\phpD9C4.tmp' to 'E:\xampp\htdocs\tecnocenter\app\webroot\fotos/nnnnnnn1.jpg' in [E:\xampp\htdocs\tecnocenter\app\controllers\users_controller.php, line 273]
2011-02-07 22:41:53 Warning: Warning (2): move_uploaded_file(E:\xampp\htdocs\tecnocenter\app\webroot\fotos&quot;.'nnnnnnn1.jpg') [<a href='http://php.net/function.move-uploaded-file'>function.move-uploaded-file</a>]: failed to open stream: Invalid argument in [E:\xampp\htdocs\tecnocenter\app\controllers\users_controller.php, line 273]
2011-02-07 22:41:53 Warning: Warning (2): move_uploaded_file() [<a href='http://php.net/function.move-uploaded-file'>function.move-uploaded-file</a>]: Unable to move 'E:\xampp\tmp\php622B.tmp' to 'E:\xampp\htdocs\tecnocenter\app\webroot\fotos&quot;.'nnnnnnn1.jpg'' in [E:\xampp\htdocs\tecnocenter\app\controllers\users_controller.php, line 273]
2011-02-07 22:42:17 Warning: Warning (2): move_uploaded_file(E:\xampp\htdocs\tecnocenter\app\webroot\fotos&quot;'nnnnnnn1.jpg') [<a href='http://php.net/function.move-uploaded-file'>function.move-uploaded-file</a>]: failed to open stream: Invalid argument in [E:\xampp\htdocs\tecnocenter\app\controllers\users_controller.php, line 273]
2011-02-07 22:42:17 Warning: Warning (2): move_uploaded_file() [<a href='http://php.net/function.move-uploaded-file'>function.move-uploaded-file</a>]: Unable to move 'E:\xampp\tmp\phpC1B9.tmp' to 'E:\xampp\htdocs\tecnocenter\app\webroot\fotos&quot;'nnnnnnn1.jpg'' in [E:\xampp\htdocs\tecnocenter\app\controllers\users_controller.php, line 273]
2011-02-07 22:42:40 Warning: Warning (2): move_uploaded_file(E:\xampp\htdocs\tecnocenter\app\webroot\fotos\nnnnnnn1.jpg) [<a href='http://php.net/function.move-uploaded-file'>function.move-uploaded-file</a>]: failed to open stream: No such file or directory in [E:\xampp\htdocs\tecnocenter\app\controllers\users_controller.php, line 273]
2011-02-07 22:42:40 Warning: Warning (2): move_uploaded_file() [<a href='http://php.net/function.move-uploaded-file'>function.move-uploaded-file</a>]: Unable to move 'E:\xampp\tmp\php1C58.tmp' to 'E:\xampp\htdocs\tecnocenter\app\webroot\fotos\nnnnnnn1.jpg' in [E:\xampp\htdocs\tecnocenter\app\controllers\users_controller.php, line 273]
2011-02-07 22:43:06 Warning: Warning (2): copy(E:\xampp\htdocs\tecnocenter\app\webroot\fotos\nnnnnnn1.jpg) [<a href='http://php.net/function.copy'>function.copy</a>]: failed to open stream: No such file or directory in [E:\xampp\htdocs\tecnocenter\app\controllers\users_controller.php, line 273]
2011-02-07 22:43:46 Warning: Warning (2): move_uploaded_file(E:\xampp\htdocs\tecnocenter\app\webroot\fotos\nnnnnnn1.jpg) [<a href='http://php.net/function.move-uploaded-file'>function.move-uploaded-file</a>]: failed to open stream: No such file or directory in [E:\xampp\htdocs\tecnocenter\app\controllers\users_controller.php, line 273]
2011-02-07 22:43:46 Warning: Warning (2): move_uploaded_file() [<a href='http://php.net/function.move-uploaded-file'>function.move-uploaded-file</a>]: Unable to move 'E:\xampp\tmp\php1C3B.tmp' to 'E:\xampp\htdocs\tecnocenter\app\webroot\fotos\nnnnnnn1.jpg' in [E:\xampp\htdocs\tecnocenter\app\controllers\users_controller.php, line 273]
2011-02-07 22:46:35 Warning: Warning (2): move_uploaded_file(E:\xampp\htdocs\tecnocenter\app\webroot\fotos\nnnnnnn1.jpg) [<a href='http://php.net/function.move-uploaded-file'>function.move-uploaded-file</a>]: failed to open stream: No such file or directory in [E:\xampp\htdocs\tecnocenter\app\controllers\users_controller.php, line 273]
2011-02-07 22:46:35 Warning: Warning (2): move_uploaded_file() [<a href='http://php.net/function.move-uploaded-file'>function.move-uploaded-file</a>]: Unable to move 'E:\xampp\tmp\phpB243.tmp' to 'E:\xampp\htdocs\tecnocenter\app\webroot\fotos\nnnnnnn1.jpg' in [E:\xampp\htdocs\tecnocenter\app\controllers\users_controller.php, line 273]
2011-02-07 22:46:52 Warning: Warning (2): move_uploaded_file(E:\xampp\htdocs\tecnocenter\app\webroot\fotos\nnnnnnn1.jpg) [<a href='http://php.net/function.move-uploaded-file'>function.move-uploaded-file</a>]: failed to open stream: No such file or directory in [E:\xampp\htdocs\tecnocenter\app\controllers\users_controller.php, line 273]
2011-02-07 22:46:52 Warning: Warning (2): move_uploaded_file() [<a href='http://php.net/function.move-uploaded-file'>function.move-uploaded-file</a>]: Unable to move 'E:\xampp\tmp\phpF4DF.tmp' to 'E:\xampp\htdocs\tecnocenter\app\webroot\fotos\nnnnnnn1.jpg' in [E:\xampp\htdocs\tecnocenter\app\controllers\users_controller.php, line 273]
2011-02-07 22:51:37 Warning: Warning (2): move_uploaded_file(E:\xampp\htdocs\tecnocenter\app\webroot\fotos/nnnnnnn1.jpg) [<a href='http://php.net/function.move-uploaded-file'>function.move-uploaded-file</a>]: failed to open stream: No such file or directory in [E:\xampp\htdocs\tecnocenter\app\controllers\users_controller.php, line 273]
2011-02-07 22:51:37 Warning: Warning (2): move_uploaded_file() [<a href='http://php.net/function.move-uploaded-file'>function.move-uploaded-file</a>]: Unable to move 'E:\xampp\tmp\php4EA7.tmp' to 'E:\xampp\htdocs\tecnocenter\app\webroot\fotos/nnnnnnn1.jpg' in [E:\xampp\htdocs\tecnocenter\app\controllers\users_controller.php, line 273]
2011-02-07 22:54:07 Warning: Warning (2): copy(E:\xampp\htdocs\tecnocenter\app\webroot\fotos\nnnnnnn1.jpg) [<a href='http://php.net/function.copy'>function.copy</a>]: failed to open stream: No such file or directory in [E:\xampp\htdocs\tecnocenter\app\controllers\users_controller.php, line 273]
2011-02-07 22:56:32 Warning: Warning (2): copy(E:\xampp\htdocs\tecnocenter\app\webroot\fotos\nnnnnnn1.jpg) [<a href='http://php.net/function.copy'>function.copy</a>]: failed to open stream: No such file or directory in [E:\xampp\htdocs\tecnocenter\app\controllers\users_controller.php, line 274]
2011-02-07 22:56:40 Warning: Warning (2): copy(E:\xampp\htdocs\tecnocenter\app\webroot\fotos\nnnnnnn1.jpg) [<a href='http://php.net/function.copy'>function.copy</a>]: failed to open stream: No such file or directory in [E:\xampp\htdocs\tecnocenter\app\controllers\users_controller.php, line 274]
2011-02-07 22:57:24 Warning: Warning (2): copy(E:\xampp\htdocs\tecnocenter\app\webroot\fotos\nnnnnnn1.jpg) [<a href='http://php.net/function.copy'>function.copy</a>]: failed to open stream: No such file or directory in [E:\xampp\htdocs\tecnocenter\app\controllers\users_controller.php, line 274]
2011-02-07 22:57:40 Warning: Warning (2): copy(E:\xampp\htdocs\tecnocenter\app\webroot\fotos\nnnnnnn1.jpg) [<a href='http://php.net/function.copy'>function.copy</a>]: failed to open stream: No such file or directory in [E:\xampp\htdocs\tecnocenter\app\controllers\users_controller.php, line 274]
2011-02-07 22:57:59 Warning: Warning (2): copy(E:\xampp\htdocs\tecnocenter\app\webroot\fotos\nnnnnnn1.jpg) [<a href='http://php.net/function.copy'>function.copy</a>]: failed to open stream: No such file or directory in [E:\xampp\htdocs\tecnocenter\app\controllers\users_controller.php, line 274]
2011-02-08 00:14:58 Warning: Warning (512): <span style="color:Red;text-align:left"><b>SQL Error:</b> 1054: Unknown column 'User.first' in 'field list'</span> in [E:\xampp\htdocs\tecnocenter\cake\libs\model\datasources\dbo_source.php, line 684]
<<<<<<< HEAD
2011-02-07 20:35:55 Warning: Warning (2): session_regenerate_id() [<a href='http://php.net/function.session-regenerate-id'>function.session-regenerate-id</a>]: Session object destruction failed in [C:\Users\Usuario\xampp\htdocs\tecnocenter\cake\libs\cake_session.php, line 644]
2011-02-07 21:00:25 Warning: Warning (2): fopen(C:\Users\Usuario\xampp\htdocs\tecnocenter\app\tmp\cache\persistent\cake_core_default_es-es) [<a href='http://php.net/function.fopen'>function.fopen</a>]: failed to open stream: Permission denied in [C:\Users\Usuario\xampp\htdocs\tecnocenter\cake\libs\file.php, line 154]
2011-02-07 21:02:55 Warning: Warning (2): Cannot modify header information - headers already sent by (output started at C:\Users\Usuario\xampp\htdocs\tecnocenter\cake\basics.php:110) in [C:\Users\Usuario\xampp\htdocs\tecnocenter\cake\libs\controller\controller.php, line 746]
2011-02-07 21:03:02 Warning: Warning (2): Cannot modify header information - headers already sent by (output started at C:\Users\Usuario\xampp\htdocs\tecnocenter\cake\basics.php:110) in [C:\Users\Usuario\xampp\htdocs\tecnocenter\cake\libs\controller\controller.php, line 746]
2011-02-07 21:03:16 Warning: Warning (2): Cannot modify header information - headers already sent by (output started at C:\Users\Usuario\xampp\htdocs\tecnocenter\cake\basics.php:110) in [C:\Users\Usuario\xampp\htdocs\tecnocenter\cake\libs\controller\controller.php, line 746]
2011-02-07 21:03:25 Warning: Warning (2): Cannot modify header information - headers already sent by (output started at C:\Users\Usuario\xampp\htdocs\tecnocenter\cake\basics.php:110) in [C:\Users\Usuario\xampp\htdocs\tecnocenter\cake\libs\controller\controller.php, line 746]
=======
2011-02-08 01:41:36 Warning: Warning (512): <span style="color:Red;text-align:left"><b>SQL Error:</b> 1064: You have an error in your SQL syntax; check the manual that corresponds to your MySQL server version for the right syntax to use near '@`gmail`.`com`    LIMIT 1' at line 1</span> in [E:\xampp\htdocs\tecnocenter\cake\libs\model\datasources\dbo_source.php, line 684]
2011-02-08 02:10:56 Warning: Warning (2): mail() [<a href='http://php.net/function.mail'>function.mail</a>]: Failed to connect to mailserver at &quot;localhost&quot; port 25, verify your &quot;SMTP&quot; and &quot;smtp_port&quot; setting in php.ini or use ini_set() in [E:\xampp\htdocs\tecnocenter\app\controllers\users_controller.php, line 318]
2011-02-08 02:12:50 Warning: Warning (2): mail() [<a href='http://php.net/function.mail'>function.mail</a>]: Failed to connect to mailserver at &quot;localhost&quot; port 25, verify your &quot;SMTP&quot; and &quot;smtp_port&quot; setting in php.ini or use ini_set() in [E:\xampp\htdocs\tecnocenter\app\controllers\users_controller.php, line 318]
2011-02-08 02:41:37 Warning: Warning (2): mail() [<a href='http://php.net/function.mail'>function.mail</a>]: Failed to connect to mailserver at &quot;localhost&quot; port 25, verify your &quot;SMTP&quot; and &quot;smtp_port&quot; setting in php.ini or use ini_set() in [E:\xampp\htdocs\tecnocenter\app\controllers\users_controller.php, line 330]
2011-02-08 02:41:41 Warning: Warning (2): mail() [<a href='http://php.net/function.mail'>function.mail</a>]: Failed to connect to mailserver at &quot;localhost&quot; port 25, verify your &quot;SMTP&quot; and &quot;smtp_port&quot; setting in php.ini or use ini_set() in [E:\xampp\htdocs\tecnocenter\app\controllers\users_controller.php, line 330]
<<<<<<< HEAD
2011-02-08 05:54:15 Warning: Warning (512): <span style="color:Red;text-align:left"><b>SQL Error:</b> 1054: Unknown column 'Product.categoria' in 'field list'</span> in [E:\xampp\htdocs\tecnocenter\cake\libs\model\datasources\dbo_source.php, line 684]
2011-02-08 05:54:38 Warning: Warning (512): <span style="color:Red;text-align:left"><b>SQL Error:</b> 1054: Unknown column 'Product.categoria' in 'field list'</span> in [E:\xampp\htdocs\tecnocenter\cake\libs\model\datasources\dbo_source.php, line 684]
2011-02-08 05:55:54 Warning: Warning (512): <span style="color:Red;text-align:left"><b>SQL Error:</b> 1054: Unknown column 'Product.estado' in 'where clause'</span> in [E:\xampp\htdocs\tecnocenter\cake\libs\model\datasources\dbo_source.php, line 684]
2011-02-08 06:10:47 Warning: Warning (512): <span style="color:Red;text-align:left"><b>SQL Error:</b> 1054: Unknown column 'Product.categoria' in 'field list'</span> in [E:\xampp\htdocs\tecnocenter\cake\libs\model\datasources\dbo_source.php, line 684]
2011-02-08 06:11:35 Warning: Warning (512): <span style="color:Red;text-align:left"><b>SQL Error:</b> 1054: Unknown column 'Product.categoria' in 'field list'</span> in [E:\xampp\htdocs\tecnocenter\cake\libs\model\datasources\dbo_source.php, line 684]
2011-02-08 06:12:16 Warning: Warning (512): <span style="color:Red;text-align:left"><b>SQL Error:</b> 1054: Unknown column 'Product.categoria' in 'field list'</span> in [E:\xampp\htdocs\tecnocenter\cake\libs\model\datasources\dbo_source.php, line 684]
2011-02-08 06:14:24 Warning: Warning (512): <span style="color:Red;text-align:left"><b>SQL Error:</b> 1054: Unknown column 'Product.categoria' in 'field list'</span> in [E:\xampp\htdocs\tecnocenter\cake\libs\model\datasources\dbo_source.php, line 684]
2011-02-08 06:14:53 Warning: Warning (512): <span style="color:Red;text-align:left"><b>SQL Error:</b> 1054: Unknown column 'Product.categoria' in 'field list'</span> in [E:\xampp\htdocs\tecnocenter\cake\libs\model\datasources\dbo_source.php, line 684]
2011-02-08 06:15:15 Warning: Warning (512): <span style="color:Red;text-align:left"><b>SQL Error:</b> 1054: Unknown column 'Product.categoria' in 'field list'</span> in [E:\xampp\htdocs\tecnocenter\cake\libs\model\datasources\dbo_source.php, line 684]
2011-02-08 06:15:46 Warning: Warning (512): <span style="color:Red;text-align:left"><b>SQL Error:</b> 1054: Unknown column 'Product.categoria' in 'field list'</span> in [E:\xampp\htdocs\tecnocenter\cake\libs\model\datasources\dbo_source.php, line 684]
2011-02-08 06:16:18 Warning: Warning (512): <span style="color:Red;text-align:left"><b>SQL Error:</b> 1054: Unknown column 'Product.categoria' in 'field list'</span> in [E:\xampp\htdocs\tecnocenter\cake\libs\model\datasources\dbo_source.php, line 684]
2011-02-08 06:18:27 Warning: Warning (512): <span style="color:Red;text-align:left"><b>SQL Error:</b> 1054: Unknown column 'Product.categoria_producto' in 'field list'</span> in [E:\xampp\htdocs\tecnocenter\cake\libs\model\datasources\dbo_source.php, line 684]
2011-02-08 06:19:13 Warning: Warning (512): <span style="color:Red;text-align:left"><b>SQL Error:</b> 1054: Unknown column 'Product.categoria_producto' in 'field list'</span> in [E:\xampp\htdocs\tecnocenter\cake\libs\model\datasources\dbo_source.php, line 684]
2011-02-08 06:34:31 Warning: Warning (512): <span style="color:Red;text-align:left"><b>SQL Error:</b> 1054: Unknown column 'Category.category_id' in 'field list'</span> in [E:\xampp\htdocs\tecnocenter\cake\libs\model\datasources\dbo_source.php, line 684]
=======
>>>>>>> 6aa32cb59ef3390efc1612287948ddbe714bf153
>>>>>>> 152037da0614da0d76e568475b90df4a6db84466
2011-02-15 21:06:40 Warning: Warning (2): fopen(C:\Users\Usuario\xampp\htdocs\tecnocenter\app\tmp\cache\persistent\cake_core_default_es-es) [<a href='http://php.net/function.fopen'>function.fopen</a>]: failed to open stream: Permission denied in [C:\Users\Usuario\xampp\htdocs\tecnocenter\cake\libs\file.php, line 154]
2011-02-15 21:10:08 Warning: Warning (2): fopen(C:\Users\Usuario\xampp\htdocs\tecnocenter\app\tmp\cache\persistent\cake_core_default_es-es) [<a href='http://php.net/function.fopen'>function.fopen</a>]: failed to open stream: Permission denied in [C:\Users\Usuario\xampp\htdocs\tecnocenter\cake\libs\file.php, line 154]
2011-02-15 21:13:55 Warning: Warning (2): fopen(C:\Users\Usuario\xampp\htdocs\tecnocenter\app\tmp\cache\persistent\cake_core_default_es-es) [<a href='http://php.net/function.fopen'>function.fopen</a>]: failed to open stream: Permission denied in [C:\Users\Usuario\xampp\htdocs\tecnocenter\cake\libs\file.php, line 154]
2011-02-15 21:13:55 Warning: Warning (2): fopen(C:\Users\Usuario\xampp\htdocs\tecnocenter\app\tmp\cache\persistent\cake_core_default_es-es) [<a href='http://php.net/function.fopen'>function.fopen</a>]: failed to open stream: Permission denied in [C:\Users\Usuario\xampp\htdocs\tecnocenter\cake\libs\file.php, line 154]
2011-02-15 21:17:34 Warning: Warning (2): fopen(C:\Users\Usuario\xampp\htdocs\tecnocenter\app\tmp\cache\persistent\cake_core_default_es-es) [<a href='http://php.net/function.fopen'>function.fopen</a>]: failed to open stream: Permission denied in [C:\Users\Usuario\xampp\htdocs\tecnocenter\cake\libs\file.php, line 154]
2011-02-15 21:18:37 Warning: Warning (2): fopen(C:\Users\Usuario\xampp\htdocs\tecnocenter\app\tmp\cache\persistent\cake_core_default_es-es) [<a href='http://php.net/function.fopen'>function.fopen</a>]: failed to open stream: Permission denied in [C:\Users\Usuario\xampp\htdocs\tecnocenter\cake\libs\file.php, line 154]
2011-02-15 21:24:58 Warning: Warning (512): DbAcl::allow() - Invalid node in [C:\Users\Usuario\xampp\htdocs\tecnocenter\cake\libs\controller\components\acl.php, line 361]
2011-02-15 21:24:58 Warning: Warning (2): Cannot modify header information - headers already sent by (output started at C:\Users\Usuario\xampp\htdocs\tecnocenter\cake\libs\debugger.php:673) in [C:\Users\Usuario\xampp\htdocs\tecnocenter\cake\libs\controller\controller.php, line 746]
2011-02-15 21:27:11 Warning: Warning (2): fopen(C:\Users\Usuario\xampp\htdocs\tecnocenter\app\tmp\cache\persistent\cake_core_default_es-es) [<a href='http://php.net/function.fopen'>function.fopen</a>]: failed to open stream: Permission denied in [C:\Users\Usuario\xampp\htdocs\tecnocenter\cake\libs\file.php, line 154]
2011-02-15 21:28:58 Warning: Warning (512): DbAcl::allow() - Invalid node in [C:\Users\Usuario\xampp\htdocs\tecnocenter\cake\libs\controller\components\acl.php, line 361]
2011-02-15 21:28:58 Warning: Warning (2): Cannot modify header information - headers already sent by (output started at C:\Users\Usuario\xampp\htdocs\tecnocenter\cake\libs\debugger.php:673) in [C:\Users\Usuario\xampp\htdocs\tecnocenter\cake\libs\controller\controller.php, line 746]
2011-02-15 21:29:02 Warning: Warning (512): DbAcl::allow() - Invalid node in [C:\Users\Usuario\xampp\htdocs\tecnocenter\cake\libs\controller\components\acl.php, line 361]
2011-02-15 21:29:02 Warning: Warning (2): Cannot modify header information - headers already sent by (output started at C:\Users\Usuario\xampp\htdocs\tecnocenter\cake\libs\debugger.php:673) in [C:\Users\Usuario\xampp\htdocs\tecnocenter\cake\libs\controller\controller.php, line 746]
2011-02-15 21:29:21 Warning: Warning (512): DbAcl::allow() - Invalid node in [C:\Users\Usuario\xampp\htdocs\tecnocenter\cake\libs\controller\components\acl.php, line 361]
2011-02-15 21:29:21 Warning: Warning (2): Cannot modify header information - headers already sent by (output started at C:\Users\Usuario\xampp\htdocs\tecnocenter\cake\libs\debugger.php:673) in [C:\Users\Usuario\xampp\htdocs\tecnocenter\cake\libs\controller\controller.php, line 746]
2011-02-15 21:36:26 Warning: Warning (2): fopen(C:\Users\Usuario\xampp\htdocs\tecnocenter\app\tmp\cache\persistent\cake_core_default_es-es) [<a href='http://php.net/function.fopen'>function.fopen</a>]: failed to open stream: Permission denied in [C:\Users\Usuario\xampp\htdocs\tecnocenter\cake\libs\file.php, line 154]
2011-02-15 21:37:29 Warning: Warning (512): <span style="color:Red;text-align:left"><b>SQL Error:</b> 29: File 'C:\Users\Usuario\xampp\tmp\#sqle2c_b4_3.MYD' not found (Errcode: 13)</span> in [C:\Users\Usuario\xampp\htdocs\tecnocenter\cake\libs\model\datasources\dbo_source.php, line 684]
2011-02-15 21:37:29 Warning: Warning (2): Invalid argument supplied for foreach() in [C:\Users\Usuario\xampp\htdocs\tecnocenter\cake\libs\model\datasources\dbo\dbo_mysql.php, line 127]
2011-02-15 21:42:45 Warning: Warning (512): <span style="color:Red;text-align:left"><b>SQL Error:</b> 29: File 'C:\Users\Usuario\xampp\tmp\#sqle2c_da_8.MYD' not found (Errcode: 13)</span> in [C:\Users\Usuario\xampp\htdocs\tecnocenter\cake\libs\model\datasources\dbo_source.php, line 684]
2011-02-15 21:42:45 Warning: Warning (2): Invalid argument supplied for foreach() in [C:\Users\Usuario\xampp\htdocs\tecnocenter\cake\libs\model\datasources\dbo\dbo_mysql.php, line 127]
2011-02-15 21:42:45 Warning: Warning (2): Cannot modify header information - headers already sent by (output started at C:\Users\Usuario\xampp\htdocs\tecnocenter\cake\libs\debugger.php:673) in [C:\Users\Usuario\xampp\htdocs\tecnocenter\cake\libs\controller\controller.php, line 746]
2011-02-15 21:45:33 Warning: Warning (2): fopen(C:\Users\Usuario\xampp\htdocs\tecnocenter\app\tmp\cache\persistent\cake_core_default_es-es) [<a href='http://php.net/function.fopen'>function.fopen</a>]: failed to open stream: Permission denied in [C:\Users\Usuario\xampp\htdocs\tecnocenter\cake\libs\file.php, line 154]
2011-02-15 21:53:04 Warning: Warning (2): fopen(C:\Users\Usuario\xampp\htdocs\tecnocenter\app\tmp\cache\persistent\cake_core_default_es-es) [<a href='http://php.net/function.fopen'>function.fopen</a>]: failed to open stream: Permission denied in [C:\Users\Usuario\xampp\htdocs\tecnocenter\cake\libs\file.php, line 154]
2011-02-15 22:03:15 Warning: Warning (512): <span style="color:Red;text-align:left"><b>SQL Error:</b> 29: File 'C:\Users\Usuario\xampp\tmp\#sqle2c_137_b.MYD' not found (Errcode: 13)</span> in [C:\Users\Usuario\xampp\htdocs\tecnocenter\cake\libs\model\datasources\dbo_source.php, line 684]
2011-02-15 22:03:15 Warning: Warning (2): Invalid argument supplied for foreach() in [C:\Users\Usuario\xampp\htdocs\tecnocenter\cake\libs\model\datasources\dbo\dbo_mysql.php, line 127]
2011-02-15 22:03:15 Warning: Warning (2): Cannot modify header information - headers already sent by (output started at C:\Users\Usuario\xampp\htdocs\tecnocenter\cake\libs\debugger.php:673) in [C:\Users\Usuario\xampp\htdocs\tecnocenter\cake\libs\controller\controller.php, line 746]
2011-02-15 22:03:38 Warning: Warning (512): <span style="color:Red;text-align:left"><b>SQL Error:</b> 29: File 'C:\Users\Usuario\xampp\tmp\#sqle2c_139_b.MYD' not found (Errcode: 13)</span> in [C:\Users\Usuario\xampp\htdocs\tecnocenter\cake\libs\model\datasources\dbo_source.php, line 684]
2011-02-15 22:03:38 Warning: Warning (2): Invalid argument supplied for foreach() in [C:\Users\Usuario\xampp\htdocs\tecnocenter\cake\libs\model\datasources\dbo\dbo_mysql.php, line 127]
2011-02-15 22:05:56 Warning: Warning (2): fopen(C:\Users\Usuario\xampp\htdocs\tecnocenter\app\tmp\cache\persistent\cake_core_default_es-es) [<a href='http://php.net/function.fopen'>function.fopen</a>]: failed to open stream: Permission denied in [C:\Users\Usuario\xampp\htdocs\tecnocenter\cake\libs\file.php, line 154]
2011-02-15 22:13:16 Warning: Warning (512): <span style="color:Red;text-align:left"><b>SQL Error:</b> 29: File 'C:\Users\Usuario\xampp\tmp\#sqle2c_194_9.MYD' not found (Errcode: 13)</span> in [C:\Users\Usuario\xampp\htdocs\tecnocenter\cake\libs\model\datasources\dbo_source.php, line 684]
2011-02-15 22:13:16 Warning: Warning (2): Invalid argument supplied for foreach() in [C:\Users\Usuario\xampp\htdocs\tecnocenter\cake\libs\model\datasources\dbo\dbo_mysql.php, line 127]
2011-02-16 17:48:32 Warning: Warning (2): fopen(C:\Users\Usuario\xampp\htdocs\tecnocenter\app\tmp\cache\persistent\cake_core_default_es-es) [<a href='http://php.net/function.fopen'>function.fopen</a>]: failed to open stream: Permission denied in [C:\Users\Usuario\xampp\htdocs\tecnocenter\cake\libs\file.php, line 154]
2011-02-16 17:49:53 Warning: Warning (512): <span style="color:Red;text-align:left"><b>SQL Error:</b> 29: File 'C:\Users\Usuario\xampp\tmp\#sql1540_53_7.MYD' not found (Errcode: 13)</span> in [C:\Users\Usuario\xampp\htdocs\tecnocenter\cake\libs\model\datasources\dbo_source.php, line 684]
2011-02-16 17:49:53 Warning: Warning (2): Invalid argument supplied for foreach() in [C:\Users\Usuario\xampp\htdocs\tecnocenter\cake\libs\model\datasources\dbo\dbo_mysql.php, line 127]
2011-02-16 17:49:53 Warning: Warning (2): Cannot modify header information - headers already sent by (output started at C:\Users\Usuario\xampp\htdocs\tecnocenter\cake\libs\debugger.php:673) in [C:\Users\Usuario\xampp\htdocs\tecnocenter\cake\libs\controller\controller.php, line 746]
2011-02-16 17:57:23 Warning: Warning (2): fopen(C:\Users\Usuario\xampp\htdocs\tecnocenter\app\tmp\cache\persistent\cake_core_default_es-es) [<a href='http://php.net/function.fopen'>function.fopen</a>]: failed to open stream: Permission denied in [C:\Users\Usuario\xampp\htdocs\tecnocenter\cake\libs\file.php, line 154]
2011-02-16 18:20:48 Warning: Warning (512): <span style="color:Red;text-align:left"><b>SQL Error:</b> 29: File 'C:\Users\Usuario\xampp\tmp\#sql1540_a2_7.MYD' not found (Errcode: 13)</span> in [C:\Users\Usuario\xampp\htdocs\tecnocenter\cake\libs\model\datasources\dbo_source.php, line 684]
2011-02-16 18:20:48 Warning: Warning (2): Invalid argument supplied for foreach() in [C:\Users\Usuario\xampp\htdocs\tecnocenter\cake\libs\model\datasources\dbo\dbo_mysql.php, line 127]
2011-02-17 11:44:17 Warning: Warning (2): mysql_connect() [<a href='http://php.net/function.mysql-connect'>function.mysql-connect</a>]: Can't connect to local MySQL server through socket '/var/run/mysqld/mysqld.sock' (2) in [/home/embalao/embalao.org/tecnocenter/cake/libs/model/datasources/dbo/dbo_mysql.php, line 552]
2011-02-17 11:44:17 Warning: Warning (2): mysql_select_db(): supplied argument is not a valid MySQL-Link resource in [/home/embalao/embalao.org/tecnocenter/cake/libs/model/datasources/dbo/dbo_mysql.php, line 558]
2011-02-17 11:44:17 Warning: Warning (2): mysql_get_server_info(): supplied argument is not a valid MySQL-Link resource in [/home/embalao/embalao.org/tecnocenter/cake/libs/model/datasources/dbo/dbo_mysql.php, line 566]
2011-02-17 11:44:17 Warning: Warning (2): mysql_query(): supplied argument is not a valid MySQL-Link resource in [/home/embalao/embalao.org/tecnocenter/cake/libs/model/datasources/dbo/dbo_mysql.php, line 600]
2011-02-17 11:44:17 Warning: Warning (2): Cannot modify header information - headers already sent by (output started at /home/embalao/embalao.org/tecnocenter/cake/libs/debugger.php:673) in [/home/embalao/embalao.org/tecnocenter/cake/libs/controller/controller.php, line 746]
2011-02-17 11:44:20 Warning: Warning (2): mysql_connect() [<a href='http://php.net/function.mysql-connect'>function.mysql-connect</a>]: Can't connect to local MySQL server through socket '/var/run/mysqld/mysqld.sock' (2) in [/home/embalao/embalao.org/tecnocenter/cake/libs/model/datasources/dbo/dbo_mysql.php, line 552]
2011-02-17 11:44:20 Warning: Warning (2): mysql_select_db(): supplied argument is not a valid MySQL-Link resource in [/home/embalao/embalao.org/tecnocenter/cake/libs/model/datasources/dbo/dbo_mysql.php, line 558]
2011-02-17 11:44:20 Warning: Warning (2): mysql_get_server_info(): supplied argument is not a valid MySQL-Link resource in [/home/embalao/embalao.org/tecnocenter/cake/libs/model/datasources/dbo/dbo_mysql.php, line 566]
2011-02-17 11:44:20 Warning: Warning (2): mysql_query(): supplied argument is not a valid MySQL-Link resource in [/home/embalao/embalao.org/tecnocenter/cake/libs/model/datasources/dbo/dbo_mysql.php, line 600]
2011-02-17 11:44:20 Warning: Warning (2): Cannot modify header information - headers already sent by (output started at /home/embalao/embalao.org/tecnocenter/cake/libs/debugger.php:673) in [/home/embalao/embalao.org/tecnocenter/cake/libs/controller/controller.php, line 746]
2011-02-23 14:19:11 Warning: Warning (512): <span style="color:Red;text-align:left"><b>SQL Error:</b> 29: File 'C:\Users\Usuario\xampp\tmp\#sql6e4_2a4_a.MYD' not found (Errcode: 13)</span> in [C:\Users\Usuario\xampp\htdocs\tecnocenter\cake\libs\model\datasources\dbo_source.php, line 684]
2011-02-23 14:19:11 Warning: Warning (2): Invalid argument supplied for foreach() in [C:\Users\Usuario\xampp\htdocs\tecnocenter\cake\libs\model\datasources\dbo\dbo_mysql.php, line 127]
2011-02-23 14:19:11 Warning: Warning (2): Cannot modify header information - headers already sent by (output started at C:\Users\Usuario\xampp\htdocs\tecnocenter\cake\libs\debugger.php:673) in [C:\Users\Usuario\xampp\htdocs\tecnocenter\cake\libs\controller\controller.php, line 746]
2011-02-23 14:59:29 Warning: Warning (512): <span style="color:Red;text-align:left"><b>SQL Error:</b> 29: File 'C:\Users\Usuario\xampp\tmp\#sql6e4_2af_9.MYD' not found (Errcode: 13)</span> in [C:\Users\Usuario\xampp\htdocs\tecnocenter\cake\libs\model\datasources\dbo_source.php, line 684]
2011-02-23 14:59:29 Warning: Warning (2): Invalid argument supplied for foreach() in [C:\Users\Usuario\xampp\htdocs\tecnocenter\cake\libs\model\datasources\dbo\dbo_mysql.php, line 127]
